
[16.58.24] ! Can't find texture 'buildings\crane\garage_kran'
[16.58.24] ! Can't find texture 'buildings\undeground\sewage_hatch\sewage_hatch'
[16.58.24] ! Can't find texture 'buildings\undeground\sewage_hatch\sewage_hatch_1'
[16.58.24] ! Can't find texture 'environment_items\barrels\barrel_metal_black'
[16.58.24] ! Can't find texture 'buildings\undeground\sewage_hatch\sewage_hatch_2'
[16.58.24] ! Can't find texture 'environment_items\barrels\barrel_metal_red'
[16.58.24] ! Can't find texture 'environment_items\barrels\bottom_barrel_metal_black'
[16.58.24] ! Can't find texture 'environment_items\barrels\barrel_metal_black_01'
[16.58.24] ! Can't find texture 'environment_items\barrels\bottom_barrel_metal_red'
[16.58.24] ! Can't find texture 'environment_items\box\containers\containers_blue_yellow'
[16.58.24] ! Can't find texture 'environment_items\barrels\bottom_barrel_metal_rust'
[16.58.24] ! Can't find texture 'environment_items\box\containers\containers_dark_yellow_grey'
[16.58.24] ! Can't find texture 'environment_items\barrels\barrel_metal_black_rust'
[16.58.24] ! Can't find texture 'environment_items\box\containers\container'
[16.58.24] ! Can't find texture 'environment_items\box\containers\containers_red_light_blue'
[16.58.24] ! Can't find texture 'water\water_ryaska1'
[16.58.24] ! Can't find texture 'environment_items\box\containers\containers_purple_green'
[16.58.24] ! Can't find texture 'environment_items\box\electrical_box\electrical_box'
[16.58.24] ! Can't find texture 'environment_items\box\electrical_box\electrical_box_01'
[16.58.24] ! Can't find texture 'environment_items\box\electrical_box\electrical_box_02'
[16.58.24] ! Can't find texture 'environment_items\box\electrical_box\electrical_box_03'
[16.58.24] ! Can't find texture 'environment_items\box\electrical_box\electrical_box_03_inside'
[16.58.24] ! Can't find texture 'environment_items\box\electrical_box\electrical_box_03_inside_1'
[16.58.24] ! Can't find texture 'environment_items\box\electrical_box\sur_electrical_cabinet_02'
[16.58.24] ! Can't find texture 'environment_items\box\electrical_box\transformer vault_blue_rust'
[16.58.24] ! Can't find texture 'environment_items\doors\door_heavy'
[16.58.24] ! Can't find texture 'environment_items\doors\door_metal_01'
[16.58.24] ! Can't find texture 'environment_items\doors\door_metal_4'
[16.58.24] ! Can't find texture 'environment_items\doors\door_metal_black'
[16.58.24] ! Can't find texture 'environment_items\doors\door_metal_green_rust'
[16.58.24] ! Can't find texture 'environment_items\doors\door_metal_rusty_white'
[16.58.24] ! Can't find texture 'environment_items\doors\door_wood_blue_01'
[16.58.24] ! Can't find texture 'environment_items\doors\door_wood_brown'
[16.58.24] ! Can't find texture 'environment_items\doors\door_wood_green'
[16.58.24] ! Can't find texture 'water\water_foam'
[16.58.24] ! Can't find texture 'environment_items\fences\fence_concrete_slab_white'
[16.58.24] ! Can't find texture 'environment_items\fences\fence_concrete_slab_white_3'
[16.58.24] ! Can't find texture 'environment_items\fences\fence_metal_lattice_04'
[16.58.24] ! Can't find texture 'environment_items\garbage\garbage_ground'
[16.58.24] ! Can't find texture 'environment_items\garbage\garbage_ground_1'
[16.58.24] ! Can't find texture 'environment_items\garbage\garbage_ground_2'
[16.58.24] ! Can't find texture 'environment_items\garbage\garbage_ground_3'
[16.58.24] ! Can't find texture 'environment_items\garbage\garbage_ground_4'
[16.58.24] ! Can't find texture 'environment_items\garbage\garbage_ground_5'
[16.58.24] ! Can't find texture 'environment_items\garbage\garbage_ground_6'
[16.58.24] ! Can't find texture 'environment_items\garbage\garbage_ground_7'
[16.58.24] ! Can't find texture 'environment_items\garbage\garbage_ground_8'
[16.58.24] ! Can't find texture 'environment_items\gate\gate_metal_rust'
[16.58.24] ! Can't find texture 'environment_items\gate\gate_metal_white_rust_1'
[16.58.24] ! Can't find texture 'environment_items\gate\gate_metal_white_rust_2'
[16.58.24] ! Can't find texture 'environment_items\gate\gate_wood_white_1'
[16.58.24] ! Can't find texture 'environment_items\gate\gate_wood_white_1_v_1'
[16.58.24] ! Can't find texture 'environment_items\gate\gate_wood_white_double_wing'
[16.58.24] ! Can't find texture 'environment_items\grates\grate_01'
[16.58.24] ! Can't find texture 'environment_items\gate\gate_wood_white_double_wing_v_1'
[16.58.24] ! Can't find texture 'environment_items\grates\grate_03'
[16.58.24] ! Can't find texture 'environment_items\light\street_lamp'
[16.58.24] ! Can't find texture 'environment_items\light\glow_galogen'
[16.58.24] ! Can't find texture 'environment_items\light\lamp_o'
[16.58.24] ! Can't find texture 'water\water_dudv'
[16.58.24] ! Can't find texture 'environment_items\light\lamp'
[16.58.24] ! Can't find texture 'environment_items\sign\sign_factory_jupiter_plan'
[16.58.24] ! Can't find texture 'environment_items\sign\sign_stripes_yellow&black'
[16.58.24] ! Can't find texture 'environment_items\technical_equipment\cable\cable_electrical_black'
[16.58.24] ! Can't find texture 'environment_items\technical_equipment\cable\cable_electrical_brown'
[16.58.24] ! Can't find texture 'environment_items\technical_equipment\cable\cable_electrical_brown_1'
[16.58.24] ! Can't find texture 'environment_items\technical_equipment\cable\cable_twisted'
[16.58.24] ! Can't find texture 'environment_items\technical_equipment\cable\cable_twisted_01'
[16.58.24] ! Can't find texture 'environment_items\technical_equipment\cable\cable_twisted_02'
[16.58.24] ! Can't find texture 'environment_items\technical_equipment\engine\engine_electro'
[16.58.24] ! Can't find texture 'environment_items\technical_equipment\engine\engine_electro_1'
[16.58.24] ! Can't find texture 'environment_items\technical_equipment\flanges\flange'
[16.58.24] ! Can't find texture 'environment_items\technical_equipment\meters\barometr'
[16.58.24] ! Can't find texture 'environment_items\technical_equipment\valve_red'
[16.58.24] ! Can't find texture 'inside_items\bags\bag'
[16.58.24] ! Can't find texture 'inside_items\light\lamp_halogen_2_of_3'
[16.58.24] ! Can't find texture 'vegetation\trees\saw_cut\saw_cut_oak'
[16.58.24] ! Can't find texture 'inside_items\light\switch'
[16.58.24] ! Can't find texture 'inside_items\other\extinguisher'
[16.58.24] ! Can't find texture 'inside_items\sanitary_engineering\heater_radiator_rust'
[16.58.24] ! Can't find texture 'materials\brick\brick_gray'
[16.58.24] ! Can't find texture 'materials\brick\brick_grey_02'
[16.58.24] ! Can't find texture 'materials\brick\brick_grey_5'
[16.58.24] ! Can't find texture 'materials\brick\brick_red'
[16.58.24] ! Can't find texture 'materials\brick\brick_red_01'
[16.58.24] ! Can't find texture 'materials\brick\brick_red_01_1'
[16.58.24] ! Can't find texture 'materials\brick\brick_red_03'
[16.58.24] ! Can't find texture 'materials\brick\brick_red_17'
[16.58.24] ! Can't find texture 'materials\brick\brick_red_22'
[16.58.24] ! Can't find texture 'materials\brick\brick_red_25'
[16.58.24] ! Can't find texture 'materials\brick\brick_red_27'
[16.58.24] ! Can't find texture 'materials\brick\brick_red_dirt_5'
[16.58.24] ! Can't find texture 'materials\brick\brick_red_dirt_6'
[16.58.24] ! Can't find texture 'materials\brick\brick_red_dirt_7'
[16.58.24] ! Can't find texture 'materials\brick\brick_white'
[16.58.24] ! Can't find texture 'materials\brick\brick_white_1'
[16.58.24] ! Can't find texture 'vegetation\trees\branch\spruce\spruce_branch_small_green'
[16.58.24] ! Can't find texture 'materials\brick\brick_white_11'
[16.58.24] ! Can't find texture 'materials\brick\brick_white_old_02'
[16.58.24] ! Can't find texture 'materials\brick\brick_white_dirt_2'
[16.58.24] ! Can't find texture 'materials\brick\brick_white_old_04'
[16.58.24] ! Can't find texture 'materials\brick\brick_white_old_06'
[16.58.24] ! Can't find texture 'materials\brick\brick_white_old_07'
[16.58.24] ! Can't find texture 'materials\brick\briks_red_dirt'
[16.58.24] ! Can't find texture 'materials\brick\briks_red_dirt_1'
[16.58.24] ! Can't find texture 'materials\brick\briks_red_dirt_3'
[16.58.24] ! Can't find texture 'materials\brick\briks_red_dirt_8'
[16.58.24] ! Can't find texture 'materials\concrete\concrete_4_plate_gray'
[16.58.24] ! Can't find texture 'materials\concrete\concrete_beam_dirt'
[16.58.24] ! Can't find texture 'materials\concrete\concrete_bitumen'
[16.58.24] ! Can't find texture 'materials\concrete\concrete_bitumen_1'
[16.58.24] ! Can't find texture 'materials\concrete\concrete_bitumen_2'
[16.58.24] ! Can't find texture 'materials\concrete\concrete_bitumen_3'
[16.58.24] ! Can't find texture 'materials\concrete\concrete_chips'
[16.58.24] ! Can't find texture 'materials\concrete\concrete_chips_2'
[16.58.24] ! Can't find texture 'vegetation\trees\branch\spruce\spruce_branch_1_green'
[16.58.24] ! Can't find texture 'materials\concrete\concrete_chips_3'
[16.58.24] ! Can't find texture 'materials\concrete\concrete_dark'
[16.58.24] ! Can't find texture 'materials\concrete\concrete_dark_1'
[16.58.24] ! Can't find texture 'materials\concrete\concrete_dark_3'
[16.58.24] ! Can't find texture 'materials\concrete\concrete_dark_5'
[16.58.24] ! Can't find texture 'materials\concrete\concrete_dark_6'
[16.58.24] ! Can't find texture 'materials\concrete\concrete_dark_7'
[16.58.24] ! Can't find texture 'materials\concrete\concrete_dark_9'
[16.58.24] ! Can't find texture 'materials\concrete\concrete_dirt_10'
[16.58.24] ! Can't find texture 'materials\concrete\concrete_dirt_11'
[16.58.24] ! Can't find texture 'materials\concrete\concrete_dirt_13'
[16.58.24] ! Can't find texture 'vegetation\trees\branch\poplar\poplar_osokor_branch_03'
[16.58.24] ! Can't find texture 'materials\concrete\concrete_dirt_16'
[16.58.24] ! Can't find texture 'materials\concrete\concrete_dirt_18'
[16.58.24] ! Can't find texture 'materials\concrete\concrete_dirt_21'
[16.58.24] ! Can't find texture 'materials\concrete\concrete_dirt_22'
[16.58.24] ! Can't find texture 'materials\concrete\concrete_dirt_23'
[16.58.24] ! Can't find texture 'materials\concrete\concrete_dirt_25'
[16.58.24] ! Can't find texture 'materials\concrete\concrete_dirt_30'
[16.58.24] ! Can't find texture 'materials\concrete\concrete_dirt_39'
[16.58.24] ! Can't find texture 'materials\concrete\concrete_dirt_4'
[16.58.24] ! Can't find texture 'materials\concrete\concrete_dirt_47'
[16.58.24] ! Can't find texture 'materials\concrete\concrete_dirt_67'
[16.58.24] ! Can't find texture 'materials\concrete\concrete_dirt_69'
[16.58.24] ! Can't find texture 'materials\concrete\concrete_dirt_7'
[16.58.24] ! Can't find texture 'materials\concrete\concrete_dirt_76'
[16.58.24] ! Can't find texture 'materials\concrete\concrete_dirt_78'
[16.58.24] ! Can't find texture 'materials\concrete\concrete_dirt_86'
[16.58.24] ! Can't find texture 'vegetation\trees\branch\poplar\poplar_osokor_branch_02'
[16.58.24] ! Can't find texture 'materials\concrete\concrete_dirt_92'
[16.58.24] ! Can't find texture 'materials\concrete\concrete_dirt_93'
[16.58.24] ! Can't find texture 'materials\concrete\concrete_dirt_94'
[16.58.24] ! Can't find texture 'materials\concrete\concrete_dirt_95'
[16.58.24] ! Can't find texture 'materials\concrete\concrete_dirt_95_1'
[16.58.24] ! Can't find texture 'materials\concrete\concrete_old_10'
[16.58.24] ! Can't find texture 'materials\concrete\concrete_old_11'
[16.58.24] ! Can't find texture 'materials\concrete\concrete_old_12'
[16.58.24] ! Can't find texture 'materials\concrete\concrete_old_13'
[16.58.24] ! Can't find texture 'materials\concrete\concrete_old_14'
[16.58.24] ! Can't find texture 'materials\concrete\concrete_old_16'
[16.58.24] ! Can't find texture 'materials\concrete\concrete_old_17'
[16.58.24] ! Can't find texture 'materials\concrete\concrete_old_3'
[16.58.24] ! Can't find texture 'materials\concrete\concrete_old_4'
[16.58.24] ! Can't find texture 'materials\concrete\concrete_old_7'
[16.58.24] ! Can't find texture 'materials\concrete\concrete_old_8'
[16.58.24] ! Can't find texture 'materials\concrete\concrete_old_purple'
[16.58.24] ! Can't find texture 'materials\concrete\concrete_plate_gray_03_1'
[16.58.24] ! Can't find texture 'materials\concrete\concrete_plate_gray_05'
[16.58.24] ! Can't find texture 'materials\concrete\concrete_plate_gray_11'
[16.58.24] ! Can't find texture 'materials\concrete\concrete_plate_gray_13'
[16.58.24] ! Can't find texture 'materials\concrete\concrete_plate_gray_14'
[16.58.24] ! Can't find texture 'vegetation\trees\branch\poplar\poplar_osokor_branch_01'
[16.58.24] ! Can't find texture 'materials\concrete\concrete_plate_gray_18'
[16.58.24] ! Can't find texture 'materials\concrete\concrete_plate_gray_19'
[16.58.24] ! Can't find texture 'materials\concrete\concrete_plate_gray_24'
[16.58.24] ! Can't find texture 'materials\concrete\concrete_plate_gray_27'
[16.58.24] ! Can't find texture 'materials\concrete\concrete_plate_gray_28'
[16.58.24] ! Can't find texture 'materials\concrete\concrete_plate_gray_30'
[16.58.24] ! Can't find texture 'materials\concrete\concrete_plate_gray_31'
[16.58.24] ! Can't find texture 'materials\concrete\concrete_plate_lattice'
[16.58.24] ! Can't find texture 'materials\concrete\concrete_plate_yellow_streaks'
[16.58.24] ! Can't find texture 'materials\concrete\concrete_rust'
[16.58.24] ! Can't find texture 'materials\concrete\concrete_rust_1'
[16.58.24] ! Can't find texture 'materials\concrete\ladder_concrete_01'
[16.58.24] ! Can't find texture 'materials\earth\asphalt\asphalt_10'
[16.58.24] ! Can't find texture 'materials\earth\asphalt\asphalt_15'
[16.58.24] ! Can't find texture 'materials\earth\earh\earth_black_01'
[16.58.24] ! Can't find texture 'materials\earth\earh\earth_black_10'
[16.58.24] ! Can't find texture 'vegetation\trees\branch\poplar\poplar_branch_03'
[16.58.24] ! Can't find texture 'materials\earth\earh\earth_black_8'
[16.58.24] ! Can't find texture 'materials\earth\earh\earth_brown_2'
[16.58.24] ! Can't find texture 'materials\earth\earth_stone\earth_stone_11'
[16.58.24] ! Can't find texture 'materials\earth\earh\earth_brown_11'
[16.58.24] ! Can't find texture 'materials\earth\earth_stone\earth_stone_12'
[16.58.24] ! Can't find texture 'materials\earth\earth_stone\earth_stone_13'
[16.58.24] ! Can't find texture 'materials\earth\earth_stone\earth_stone_16'
[16.58.24] ! Can't find texture 'materials\earth\gravel\gravel_15'
[16.58.24] ! Can't find texture 'materials\earth\leaves\leaves_1'
[16.58.24] ! Can't find texture 'materials\earth\moss\moss_8'
[16.58.24] ! Can't find texture 'materials\fake\fake_nosun'
[16.58.24] ! Can't find texture 'materials\fake\fake_windows\fake_window_01'
[16.58.24] ! Can't find texture 'materials\fake\fake_windows\fake_window_05'
[16.58.24] ! Can't find texture 'materials\fake\fake_windows\fake_window_07'
[16.58.24] ! Can't find texture 'materials\fake\fake_windows\fake_window_06'
[16.58.24] ! Can't find texture 'materials\fake\fake_windows\fake_window_14'
[16.58.24] ! Can't find texture 'materials\fake\fake_windows\fake_window_20'
[16.58.24] ! Can't find texture 'materials\fake\fake_windows\fake_window_25'
[16.58.24] ! Can't find texture 'vegetation\trees\branch\poplar\poplar_branch_02'
[16.58.24] ! Can't find texture 'materials\fake\fake_windows\fake_window_30'
[16.58.24] ! Can't find texture 'materials\fake\fake_windows\fake_window_mosaic_2'
[16.58.24] ! Can't find texture 'materials\floor\floor_tile_brown_big'
[16.58.24] ! Can't find texture 'materials\floor\floor_tile_grey'
[16.58.24] ! Can't find texture 'materials\floor\floor_tile_grey_02'
[16.58.24] ! Can't find texture 'materials\floor\floor_tile_grey_02_1'
[16.58.24] ! Can't find texture 'materials\floor\floor_tile_grey_03'
[16.58.24] ! Can't find texture 'materials\floor\floor_tile_red'
[16.58.24] ! Can't find texture 'materials\floor\linoleum_brown_10'
[16.58.24] ! Can't find texture 'materials\floor\parquet_wood_brown_wattled_1'
[16.58.24] ! Can't find texture 'materials\floor\parquet_wood_brown_wattled_dirt'
[16.58.24] ! Can't find texture 'materials\floor\parquet_wood_wattled'
[16.58.24] ! Can't find texture 'materials\floor\parquet_wood_wattled_3'
[16.58.24] ! Can't find texture 'vegetation\trees\branch\poplar\poplar_branch_01'
[16.58.24] ! Can't find texture 'materials\metal\painted\black_paint'
[16.58.24] ! Can't find texture 'materials\metal\painted\black_paint_2'
[16.58.24] ! Can't find texture 'materials\metal\painted\black_paint_4'
[16.58.24] ! Can't find texture 'materials\metal\painted\black_paint_5'
[16.58.24] ! Can't find texture 'materials\metal\painted\black_paint_5_1'
[16.58.24] ! Can't find texture 'materials\metal\painted\black_paint_6'
[16.58.24] ! Can't find texture 'materials\metal\painted\blue_paint_01'
[16.58.24] ! Can't find texture 'materials\metal\painted\blue_paint_1'
[16.58.24] ! Can't find texture 'materials\metal\painted\edge_plan_grey_01'
[16.58.24] ! Can't find texture 'materials\metal\painted\edge_plan_grey_02'
[16.58.24] ! Can't find texture 'materials\metal\painted\edge_plan_grey_03'
[16.58.24] ! Can't find texture 'materials\metal\painted\green_paint_02'
[16.58.24] ! Can't find texture 'materials\metal\painted\gray_paint'
[16.58.24] ! Can't find texture 'materials\metal\painted\grey_paint_512x128'
[16.58.24] ! Can't find texture 'materials\metal\painted\red_paint'
[16.58.24] ! Can't find texture 'vegetation\trees\branch\oak\oak_branch_04'
[16.58.24] ! Can't find texture 'materials\metal\painted\red_paint_02'
[16.58.24] ! Can't find texture 'materials\metal\painted\white_paint'
[16.58.24] ! Can't find texture 'materials\metal\painted\white_paint_01'
[16.58.24] ! Can't find texture 'materials\metal\painted\white_paint_07'
[16.58.24] ! Can't find texture 'materials\metal\painted\white_paint_old_01'
[16.58.24] ! Can't find texture 'materials\metal\painted\yellow_paint'
[16.58.24] ! Can't find texture 'materials\metal\railing\girder'
[16.58.24] ! Can't find texture 'materials\metal\railing\girder_1'
[16.58.24] ! Can't find texture 'materials\metal\railing\metal_reinforcement'
[16.58.24] ! Can't find texture 'materials\metal\railing\railing_metal_white_rust'
[16.58.24] ! Can't find texture 'materials\metal\railing\welded_components\metal_bonding_white_rust'
[16.58.24] ! Can't find texture 'materials\metal\railing\welded_components\welded_component_plank'
[16.58.24] ! Can't find texture 'materials\metal\rust\edge_plan_rust'
[16.58.24] ! Can't find texture 'materials\metal\rust\edge_plan_white_rust'
[16.58.24] ! Can't find texture 'vegetation\trees\branch\oak\oak_branch_03'
[16.58.24] ! Can't find texture 'materials\metal\rust\metal_blue_rust'
[16.58.24] ! Can't find texture 'materials\metal\rust\metal_blue_rust_1'
[16.58.24] ! Can't find texture 'materials\metal\rust\metal_rust_dark_01'
[16.58.24] ! Can't find texture 'materials\metal\rust\metal_rust_dark_02'
[16.58.24] ! Can't find texture 'materials\metal\rust\metal_rust_dark_03'
[16.58.24] ! Can't find texture 'materials\metal\rust\metal_white_rust_01'
[16.58.24] ! Can't find texture 'materials\metal\rust\metal_white_rust_03'
[16.58.24] ! Can't find texture 'materials\metal\rust\metal_white_rust_06'
[16.58.24] ! Can't find texture 'materials\metal\rust\metal_white_rust_08'
[16.58.24] ! Can't find texture 'materials\metal\rust\metal_white_rust_09'
[16.58.24] ! Can't find texture 'materials\metal\rust\metal_white_rust_10'
[16.58.24] ! Can't find texture 'materials\metal\rust\metal_white_rust_11_1'
[16.58.24] ! Can't find texture 'materials\metal\rust\metal_white_rust_13'
[16.58.24] ! Can't find texture 'vegetation\trees\branch\oak\oak_branch_02'
[16.58.24] ! Can't find texture 'materials\metal\rust\metal_white_rust_14'
[16.58.24] ! Can't find texture 'materials\metal\rust\metal_white_rust_16'
[16.58.24] ! Can't find texture 'materials\metal\rust\metal_white_rust_17'
[16.58.24] ! Can't find texture 'materials\metal\rust\metal_white_rust_18'
[16.58.24] ! Can't find texture 'materials\metal\rust\plate_gray_rust_01'
[16.58.24] ! Can't find texture 'materials\metal\rust\plate_gray_rust_05'
[16.58.24] ! Can't find texture 'materials\metal\rust\plate_gray_rust_06'
[16.58.24] ! Can't find texture 'materials\metal\rust\plate_gray_rust_v_1'
[16.58.24] ! Can't find texture 'materials\metal\rust\plate_green_rust_02'
[16.58.24] ! Can't find texture 'materials\metal\rust\plate_green_rust_07'
[16.58.24] ! Can't find texture 'materials\metal\rust\plate_green_rust_3'
[16.58.24] ! Can't find texture 'materials\metal\rust\plate_rust_11'
[16.58.24] ! Can't find texture 'materials\metal\rust\plate_rust_12'
[16.58.24] ! Can't find texture 'materials\metal\rust\plate_rust_13'
[16.58.24] ! Can't find texture 'materials\metal\rust\plate_rust_14'
[16.58.24] ! Can't find texture 'materials\metal\rust\plate_rust_15'
[16.58.24] ! Can't find texture 'vegetation\trees\branch\maple\maple_branch_03'
[16.58.24] ! Can't find texture 'materials\metal\rust\plate_rust_16'
[16.58.24] ! Can't find texture 'materials\metal\rust\plate_rust_17'
[16.58.24] ! Can't find texture 'materials\metal\rust\plate_rust_18'
[16.58.24] ! Can't find texture 'materials\metal\rust\plate_rust_19'
[16.58.24] ! Can't find texture 'materials\metal\rust\plate_rust_2'
[16.58.24] ! Can't find texture 'materials\metal\rust\plate_rust_20'
[16.58.24] ! Can't find texture 'materials\metal\rust\plate_rust_21'
[16.58.24] ! Can't find texture 'materials\metal\rust\plate_rust_22'
[16.58.24] ! Can't find texture 'materials\metal\rust\plate_rust_3'
[16.58.24] ! Can't find texture 'materials\metal\rust\plate_rust_6'
[16.58.24] ! Can't find texture 'materials\metal\rust\plate_rust_4'
[16.58.24] ! Can't find texture 'materials\metal\rust\plate_rust_8'
[16.58.24] ! Can't find texture 'materials\metal\rust\plate_rust_9'
[16.58.24] ! Can't find texture 'materials\pipes\pipe_in_clotch_01'
[16.58.24] ! Can't find texture 'materials\pipes\pipe_in_clotch_02'
[16.58.24] ! Can't find texture 'materials\pipes\pipe_metal_brown'
[16.58.24] ! Can't find texture 'materials\pipes\pipe_metal_brown_1'
[16.58.24] ! Can't find texture 'materials\pipes\pipe_metal_rust_03'
[16.58.24] ! Can't find texture 'materials\pipes\pipe_metal_white'
[16.58.24] ! Can't find texture 'materials\pipes\pipe_metal_white_rust'
[16.58.24] ! Can't find texture 'materials\pipes\pipe_metal_white_rust_2'
[16.58.24] ! Can't find texture 'materials\roof\metal_slate\metal_slate_05'
[16.58.24] ! Can't find texture 'vegetation\trees\branch\maple\maple_branch_02'
[16.58.24] ! Can't find texture 'materials\roof\metal_slate\metal_slate_09'
[16.58.24] ! Can't find texture 'materials\roof\roofing_slate\roofing_slate_17'
[16.58.24] ! Can't find texture 'materials\roof\roofing_slate\roofing_slate_1_dark'
[16.58.24] ! Can't find texture 'materials\roof\roofing_slate\roofing_slate_6'
[16.58.24] ! Can't find texture 'materials\stucco\stucco_paint_old'
[16.58.24] ! Can't find texture 'materials\stucco\wall_stucco_blue_paint'
[16.58.24] ! Can't find texture 'materials\stucco\wall_stucco_blue_paint_2_v1'
[16.58.24] ! Can't find texture 'materials\stucco\wall_stucco_blue_paint_old'
[16.58.24] ! Can't find texture 'materials\stucco\wall_stucco_green_paint'
[16.58.24] ! Can't find texture 'materials\stucco\wall_stucco_green_paint_01'
[16.58.24] ! Can't find texture 'materials\stucco\wall_stucco_green_paint_3'
[16.58.24] ! Can't find texture 'materials\stucco\wall_stucco_grey'
[16.58.24] ! Can't find texture 'materials\stucco\wall_stucco_grey_1'
[16.58.24] ! Can't find texture 'materials\stucco\wall_stucco_grey_2'
[16.58.24] ! Can't find texture 'materials\stucco\wall_stucco_grey_3'
[16.58.24] ! Can't find texture 'materials\stucco\wall_stucco_orange_1'
[16.58.24] ! Can't find texture 'materials\stucco\wall_stucco_orange_2'
[16.58.24] ! Can't find texture 'vegetation\trees\branch\maple\maple_branch_01'
[16.58.24] ! Can't find texture 'materials\stucco\wall_stucco_turquoise_paint'
[16.58.24] ! Can't find texture 'materials\stucco\wall_stucco_turquoise_paint_1'
[16.58.24] ! Can't find texture 'materials\stucco\wall_stucco_white_2'
[16.58.24] ! Can't find texture 'materials\stucco\wall_stucco_white_old'
[16.58.24] ! Can't find texture 'materials\stucco\wall_stucco_white_old_03'
[16.58.24] ! Can't find texture 'materials\stucco\wall_stucco_white_old_13'
[16.58.24] ! Can't find texture 'materials\stucco\wall_stucco_white_old_15'
[16.58.24] ! Can't find texture 'materials\stucco\wall_stucco_white_old_19'
[16.58.24] ! Can't find texture 'materials\stucco\wall_stucco_white_old_27'
[16.58.24] ! Can't find texture 'materials\stucco\wall_stucco_white_old_6'
[16.58.24] ! Can't find texture 'materials\stucco\wall_stucco_white_old_7'
[16.58.24] ! Can't find texture 'materials\stucco\wall_stucco_white_old_8'
[16.58.24] ! Can't find texture 'materials\stucco\wall_stucco_yellow_3'
[16.58.24] ! Can't find texture 'materials\stucco\wall_stucco_yellow_old'
[16.58.24] ! Can't find texture 'materials\tile\tile_dark'
[16.58.24] ! Can't find texture 'materials\tile\tile_dark_6'
[16.58.24] ! Can't find texture 'materials\tile\tile_green_3_1'
[16.58.24] ! Can't find texture 'materials\tile\tile_red_01'
[16.58.24] ! Can't find texture 'vegetation\trees\branch\hornbeam\hornbeam_branch_03'
[16.58.24] ! Can't find texture 'materials\tile\tile_red_04'
[16.58.24] ! Can't find texture 'materials\tile\tile_rust'
[16.58.24] ! Can't find texture 'materials\tile\tile_rust_1'
[16.58.24] ! Can't find texture 'materials\tile\tile_white_6'
[16.58.24] ! Can't find texture 'materials\tile\tile_white_6_1'
[16.58.24] ! Can't find texture 'materials\tile\without_tile_2'
[16.58.24] ! Can't find texture 'materials\wallpaper\wallpaper_pink'
[16.58.24] ! Can't find texture 'materials\wallpaper\wallpaper_red_2'
[16.58.24] ! Can't find texture 'materials\wallpaper\wallpaper_red_2_1'
[16.58.24] ! Can't find texture 'materials\wallpaper\wallpaper_yellow_07'
[16.58.24] ! Can't find texture 'materials\wallpaper\wallpaper_yellow_08'
[16.58.24] ! Can't find texture 'materials\wood\fanera_01'
[16.58.24] ! Can't find texture 'materials\wood\fanera_02'
[16.58.24] ! Can't find texture 'materials\wood\fanera_1'
[16.58.24] ! Can't find texture 'vegetation\trees\branch\hornbeam\hornbeam_branch_02'
[16.58.24] ! Can't find texture 'materials\wood\wood_board_01'
[16.58.24] ! Can't find texture 'materials\wood\wood_board_03'
[16.58.24] ! Can't find texture 'materials\wood\wood_board_05'
[16.58.24] ! Can't find texture 'materials\wood\wood_board_09'
[16.58.24] ! Can't find texture 'materials\wood\wood_board_100'
[16.58.24] ! Can't find texture 'materials\wood\wood_board_101'
[16.58.24] ! Can't find texture 'materials\wood\wood_board_103'
[16.58.24] ! Can't find texture 'materials\wood\wood_board_104'
[16.58.24] ! Can't find texture 'materials\wood\wood_board_12'
[16.58.24] ! Can't find texture 'materials\wood\wood_board_14'
[16.58.24] ! Can't find texture 'materials\wood\wood_board_17'
[16.58.24] ! Can't find texture 'vegetation\trees\branch\hornbeam\hornbeam_branch_01'
[16.58.24] ! Can't find texture 'materials\wood\wood_board_19'
[16.58.24] ! Can't find texture 'materials\wood\wood_board_25'
[16.58.24] ! Can't find texture 'materials\wood\wood_board_27'
[16.58.24] ! Can't find texture 'materials\wood\wood_board_28'
[16.58.24] ! Can't find texture 'materials\wood\wood_board_33'
[16.58.24] ! Can't find texture 'materials\wood\wood_board_40'
[16.58.24] ! Can't find texture 'materials\wood\wood_board_43'
[16.58.24] ! Can't find texture 'materials\wood\wood_board_44'
[16.58.24] ! Can't find texture 'materials\wood\wood_board_55'
[16.58.24] ! Can't find texture 'materials\wood\wood_board_60'
[16.58.24] ! Can't find texture 'materials\wood\wood_board_64'
[16.58.24] ! Can't find texture 'materials\wood\wood_board_76'
[16.58.24] ! Can't find texture 'materials\wood\wood_board_81'
[16.58.24] ! Can't find texture 'materials\wood\wood_board_90'
[16.58.24] ! Can't find texture 'materials\wood\wood_board_94'
[16.58.24] ! Can't find texture 'materials\wood\wood_board_97'
[16.58.24] ! Can't find texture 'materials\wood\wood_board_99'
[16.58.24] ! Can't find texture 'vegetation\trees\branch\birch\birch_small_branch_02'
[16.58.24] ! Can't find texture 'materials\wood\wood_board_dark'
[16.58.24] ! Can't find texture 'materials\wood\wood_board_grey'
[16.58.24] ! Can't find texture 'materials\wood\wood_fire_06'
[16.58.24] ! Can't find texture 'materials\wood\wood_gray_paint_old'
[16.58.24] ! Can't find texture 'transport\railroad\railroad_carriage_set_cpm'
[16.58.24] ! Can't find texture 'transport\railroad\railroad_carriage_1_01_set'
[16.58.24] ! Can't find texture 'transport\railroad\railroad_wood_with_alpha'
[16.58.24] ! Can't find texture 'transport\railroad\railroad_concrete'
[16.58.24] ! Can't find texture 'transport\trailer\trailer_barrel_metal_rust'
[16.58.24] ! Can't find texture 'ui\cursor'
[16.58.24] ! Can't find texture 'ui\ui_actor_dialog_screen'
[16.58.24] ! Can't find texture 'vegetation\trees\branch\birch\birch_small_branch_01'
[16.58.24] ! Can't find texture 'ui\ui_hud_grenade_mark'
[16.58.24] ! Can't find texture 'ui\ui_hud_hit_mark'
[16.58.24] ! Can't find texture 'vegetation\trees\bark\alder\bark_alder_02'
[16.58.24] ! Can't find texture 'vegetation\trees\bark\birch\birch_bark_foudation_01'
[16.58.24] ! Can't find texture 'vegetation\trees\bark\birch\birch_bark_top'
[16.58.24] ! Can't find texture 'vegetation\trees\bark\maple\bark_maple_01'
[16.58.24] ! Can't find texture 'vegetation\trees\bark\oak\bark_oak_01'
[16.58.24] ! Can't find texture 'vegetation\trees\bark\poplar\bark_poplar_osokor'
[16.58.24] ! Can't find texture 'vegetation\trees\bark\poplar\bark_poplar_white'
[16.58.24] ! Can't find texture 'vegetation\trees\branch\birch\birch_big_branch_02'
[16.58.24] ! Can't find texture 'vegetation\trees\bark\trees_bark_seasoned_1'
[16.58.24] ! Can't find texture 'vegetation\trees\bark\spruce\bark_spruce_02'
[16.58.24] ! Can't find texture 'vegetation\trees\branch\alder\alder_branch_05_green'
[16.58.24] ! Can't find texture 'vegetation\trees\branch\alder\alder_branch_04_green'
[16.58.24] ! Can't find texture 'vegetation\trees\branch\alder\alder_branch_06_green'
[16.58.24] ! Can't find texture 'vegetation\trees\branch\birch\birch_big_branch_01'
